<?xml version="1.0" encoding="UTF-8"?>
<!-- Generated by org.testng.reporters.JUnitXMLReporter -->
<testsuite ignored="3" hostname="DESKTOP-NSID1PS" failures="1" tests="28" name="Default test" time="94.761" errors="0" timestamp="2022-12-08T13:01:31 IST">
  <testcase classname="com.qa.tests.PostAPItest" name="PostAPITest_get_access_token" time="3.294"/>
  <testcase classname="com.qa.tests.PostAPItest" name="PostAPITest_Individuo_Certificate" time="8.494"/>
  <testcase classname="com.qa.tests.PostAPItest" name="PostAPITest_Patrono_Certificate" time="5.708"/>
  <testcase classname="com.qa.tests.PostAPItest" name="PostAPI_CFSE_Test_get_access_token" time="1.835"/>
  <testcase classname="com.qa.tests.PostAPItest" name="get_informacionDeDeauda" time="17.598"/>
  <testcase classname="com.qa.tests.PostAPItest" name="get_certificacionDeDeauda" time="1.407"/>
  <testcase classname="com.qa.tests.PostAPItest" name="get_certificacionDeVegencia" time="1.397"/>
  <testcase classname="com.qa.tests.PostAPItest" name="get_fondoPing" time="1.393"/>
  <testcase classname="com.qa.tests.PostAPItest" name="PostAPITest_Estado_Compliance" time="1.455"/>
  <testcase classname="com.qa.tests.PostAPItest" name="PostAPITest_Estado_Ping" time="1.05"/>
  <testcase classname="com.qa.tests.PostAPItest" name="PostAPITest_Estado_Certificado" time="9.676"/>
  <testcase classname="com.qa.tests.PostAPItest" name="GetAPITest_corporate_ping" time="2.132"/>
  <testcase classname="com.qa.tests.PostAPItest" name="PostAPITest_corporate_compliance" time="1.834"/>
  <testcase classname="com.qa.tests.PostAPItest" name="PostAPITest_corporate_authorize" time="2.018"/>
  <testcase classname="com.qa.tests.PostAPItest" name="PostAPITest_complianceDocuments" time="1.594"/>
  <testcase classname="com.qa.tests.PostAPItest" name="GetAPITest_hacienda_individual_ping" time="1.758"/>
  <testcase classname="com.qa.tests.PostAPItest" name="PostAPITest_authorize_individual" time="2.088"/>
  <testcase classname="com.qa.tests.PostAPItest" name="PostAPITest_complianceDocuments_ind" time="8.459"/>
  <testcase classname="com.qa.tests.PostAPItest" name="PostAPITest_cap_request" time="2.259"/>
  <testcase classname="com.qa.tests.PostAPItest" name="PostAPITest_Retrieve" time="3.163"/>
  <testcase classname="com.qa.tests.PostAPItest" name="PostAPITest_Justicia_Validate" time="3.122"/>
  <testcase classname="com.qa.tests.PostAPItest" name="PostAPITest_Justicia_CriminalRecord_CheckInquiry" time="0.006">
    <failure type="java.lang.IllegalArgumentException" message="Illegal character in path at index 48: https://suri.cjis.pr.gov/identity/criminal/check	">
      <![CDATA[java.lang.IllegalArgumentException: Illegal character in path at index 48: https://suri.cjis.pr.gov/identity/criminal/check
at java.base/java.net.URI.create(URI.java:906)
at org.apache.http.client.methods.HttpGet.<init>(HttpGet.java:66)
at com.qa.client.RestClient.get(RestClient.java:43)
at com.qa.tests.PostAPItest.PostAPITest_Justicia_CriminalRecord_CheckInquiry(PostAPItest.java:1169)
at java.base/jdk.internal.reflect.DirectMethodHandleAccessor.invoke(DirectMethodHandleAccessor.java:104)
at java.base/java.lang.reflect.Method.invoke(Method.java:577)
at org.testng.internal.MethodInvocationHelper.invokeMethod(MethodInvocationHelper.java:134)
at org.testng.internal.TestInvoker.invokeMethod(TestInvoker.java:597)
at org.testng.internal.TestInvoker.invokeTestMethod(TestInvoker.java:173)
at org.testng.internal.MethodRunner.runInSequence(MethodRunner.java:46)
at org.testng.internal.TestInvoker$MethodInvocationAgent.invoke(TestInvoker.java:816)
at org.testng.internal.TestInvoker.invokeTestMethods(TestInvoker.java:146)
at org.testng.internal.TestMethodWorker.invokeTestMethods(TestMethodWorker.java:146)
at org.testng.internal.TestMethodWorker.run(TestMethodWorker.java:128)
at java.base/java.util.ArrayList.forEach(ArrayList.java:1511)
at org.testng.TestRunner.privateRun(TestRunner.java:766)
at org.testng.TestRunner.run(TestRunner.java:587)
at org.testng.SuiteRunner.runTest(SuiteRunner.java:384)
at org.testng.SuiteRunner.runSequentially(SuiteRunner.java:378)
at org.testng.SuiteRunner.privateRun(SuiteRunner.java:337)
at org.testng.SuiteRunner.run(SuiteRunner.java:286)
at org.testng.SuiteRunnerWorker.runSuite(SuiteRunnerWorker.java:53)
at org.testng.SuiteRunnerWorker.run(SuiteRunnerWorker.java:96)
at org.testng.TestNG.runSuitesSequentially(TestNG.java:1187)
at org.testng.TestNG.runSuitesLocally(TestNG.java:1109)
at org.testng.TestNG.runSuites(TestNG.java:1039)
at org.testng.TestNG.run(TestNG.java:1007)
at org.testng.remote.AbstractRemoteTestNG.run(AbstractRemoteTestNG.java:115)
at org.testng.remote.RemoteTestNG.initAndRun(RemoteTestNG.java:251)
at org.testng.remote.RemoteTestNG.main(RemoteTestNG.java:77)
Caused by: java.net.URISyntaxException: Illegal character in path at index 48: https://suri.cjis.pr.gov/identity/criminal/check
at java.base/java.net.URI$Parser.fail(URI.java:2973)
at java.base/java.net.URI$Parser.checkChars(URI.java:3144)
at java.base/java.net.URI$Parser.parseHierarchical(URI.java:3226)
at java.base/java.net.URI$Parser.parse(URI.java:3174)
at java.base/java.net.URI.<init>(URI.java:623)
at java.base/java.net.URI.create(URI.java:904)
... 29 more
]]>
    </failure>
  </testcase> <!-- PostAPITest_Justicia_CriminalRecord_CheckInquiry -->
  <testcase classname="com.qa.tests.PostAPItest" name="PostAPITest_CrimAuthenticate" time="1.495"/>
  <testcase classname="com.qa.tests.PostAPItest" name="PostAPITest_Certification" time="2.599"/>
  <testcase classname="com.qa.tests.PostAPItest" name="PostAPITest_Crimcompliance" time="1.19"/>
  <testcase classname="com.qa.tests.PostAPItest" name="PostAPITest_FileContent" time="4.182"/>
  <testcase classname="com.qa.tests.PostAPItest" name="DTOP_tocken" time="1.744"/>
  <testcase classname="com.qa.tests.PostAPItest" name="get_DTOPGetPhoto" time="1.467"/>
  <testcase classname="com.qa.tests.PostAPItest" name="PostAPITest_Validate" time="0.0">
    <ignored/>
  </testcase> <!-- PostAPITest_Validate -->
  <testcase classname="com.qa.tests.PostAPItest" name="get_GetLicense" time="0.0">
    <ignored/>
  </testcase> <!-- get_GetLicense -->
  <testcase classname="com.qa.tests.PostAPItest" name="PostAPITest_compliance_individual" time="0.0">
    <ignored/>
  </testcase> <!-- PostAPITest_compliance_individual -->
</testsuite> <!-- Default test -->
