<html>
<head>
<title>TestNG:  Default test</title>
<link href="../testng.css" rel="stylesheet" type="text/css" />
<link href="../my-testng.css" rel="stylesheet" type="text/css" />

<style type="text/css">
.log { display: none;} 
.stack-trace { display: none;} 
</style>
<script type="text/javascript">
<!--
function flip(e) {
  current = e.style.display;
  if (current == 'block') {
    e.style.display = 'none';
    return 0;
  }
  else {
    e.style.display = 'block';
    return 1;
  }
}

function toggleBox(szDivId, elem, msg1, msg2)
{
  var res = -1;  if (document.getElementById) {
    res = flip(document.getElementById(szDivId));
  }
  else if (document.all) {
    // this is the way old msie versions work
    res = flip(document.all[szDivId]);
  }
  if(elem) {
    if(res == 0) elem.innerHTML = msg1; else elem.innerHTML = msg2;
  }

}

function toggleAllBoxes() {
  if (document.getElementsByTagName) {
    d = document.getElementsByTagName('div');
    for (i = 0; i < d.length; i++) {
      if (d[i].className == 'log') {
        flip(d[i]);
      }
    }
  }
}

// -->
</script>

</head>
<body>
<h2 align='center'>Default test</h2><table border='1' align="center">
<tr>
<td>Tests passed/Failed/Skipped:</td><td>27/1/0</td>
</tr><tr>
<td>Started on:</td><td>Thu Dec 08 12:59:56 IST 2022</td>
</tr>
<tr><td>Total time:</td><td>94 seconds (94761 ms)</td>
</tr><tr>
<td>Included groups:</td><td></td>
</tr><tr>
<td>Excluded groups:</td><td></td>
</tr>
</table><p/>
<small><i>(Hover the method name to see the test class name)</i></small><p/>
<table width='100%' border='1' class='invocation-failed'>
<tr><td colspan='4' align='center'><b>FAILED TESTS</b></td></tr>
<tr><td><b>Test method</b></td>
<td width="30%"><b>Exception</b></td>
<td width="10%"><b>Time (seconds)</b></td>
<td><b>Instance</b></td>
</tr>
<tr>
<td title='com.qa.tests.PostAPItest.PostAPITest_Justicia_CriminalRecord_CheckInquiry()'><b>PostAPITest_Justicia_CriminalRecord_CheckInquiry</b><br>Test class: com.qa.tests.PostAPItest</td>
<td><div><pre>java.lang.IllegalArgumentException: Illegal character in path at index 48: https://suri.cjis.pr.gov/identity/criminal/check	
	at java.base/java.net.URI.create(URI.java:906)
	at org.apache.http.client.methods.HttpGet.&lt;init&gt;(HttpGet.java:66)
	at com.qa.client.RestClient.get(RestClient.java:43)
	at com.qa.tests.PostAPItest.PostAPITest_Justicia_CriminalRecord_CheckInquiry(PostAPItest.java:1169)
	at java.base/jdk.internal.reflect.DirectMethodHandleAccessor.invoke(DirectMethodHandleAccessor.java:104)
	at java.base/java.lang.reflect.Method.invoke(Method.java:577)
	at org.testng.internal.MethodInvocationHelper.invokeMethod(MethodInvocationHelper.java:134)
	at org.testng.internal.TestInvoker.invokeMethod(TestInvoker.java:597)
	at org.testng.internal.TestInvoker.invokeTestMethod(TestInvoker.java:173)
	at org.testng.internal.MethodRunner.runInSequence(MethodRunner.java:46)
	at org.testng.internal.TestInvoker$MethodInvocationAgent.invoke(TestInvoker.java:816)
	at org.testng.internal.TestInvoker.invokeTestMethods(TestInvoker.java:146)
	at org.testng.internal.TestMethodWorker.invokeTestMethods(TestMethodWorker.java:146)
	at org.testng.internal.TestMethodWorker.run(TestMethodWorker.java:128)
	at java.base/java.util.ArrayList.forEach(ArrayList.java:1511)
	at org.testng.TestRunner.privateRun(TestRunner.java:766)
	at org.testng.TestRunner.run(TestRunner.java:587)
	at org.testng.SuiteRunner.runTest(SuiteRunner.java:384)
	at org.testng.SuiteRunner.runSequentially(SuiteRunner.java:378)
	at org.testng.SuiteRunner.privateRun(SuiteRunner.java:337)
	at org.testng.SuiteRunner.run(SuiteRunner.java:286)
	at org.testng.SuiteRunnerWorker.runSuite(SuiteRunnerWorker.java:53)
	at org.testng.SuiteRunnerWorker.run(SuiteRunnerWorker.java:96)
	at org.testng.TestNG.runSuitesSequentially(TestNG.java:1187)
	at org.testng.TestNG.runSuitesLocally(TestNG.java:1109)
	at org.testng.TestNG.runSuites(TestNG.java:1039)
	at org.testng.TestNG.run(TestNG.java:1007)
	at org.testng.remote.AbstractRemoteTestNG.run(AbstractRemoteTestNG.java:115)
	at org.testng.remote.RemoteTestNG.initAndRun(RemoteTestNG.java:251)
	at org.testng.remote.RemoteTestNG.main(RemoteTestNG.java:77)
Caused by: java.net.URISyntaxException: Illegal character in path at index 48: https://suri.cjis.pr.gov/identity/criminal/check	
	at java.base/java.net.URI$Parser.fail(URI.java:2973)
	at java.base/java.net.URI$Parser.checkChars(URI.java:3144)
	at java.base/java.net.URI$Parser.parseHierarchical(URI.java:3226)
	at java.base/java.net.URI$Parser.parse(URI.java:3174)
	at java.base/java.net.URI.&lt;init&gt;(URI.java:623)
	at java.base/java.net.URI.create(URI.java:904)
	... 29 more
</pre></div><a href='#' onClick='toggleBox("stack-trace1622135821", this, "Click to show all stack frames", "Click to hide stack frames")'>Click to show all stack frames</a>
<div class='stack-trace' id='stack-trace1622135821'><pre>java.lang.IllegalArgumentException: Illegal character in path at index 48: https://suri.cjis.pr.gov/identity/criminal/check	
	at java.base/java.net.URI.create(URI.java:906)
	at org.apache.http.client.methods.HttpGet.&lt;init&gt;(HttpGet.java:66)
	at com.qa.client.RestClient.get(RestClient.java:43)
	at com.qa.tests.PostAPItest.PostAPITest_Justicia_CriminalRecord_CheckInquiry(PostAPItest.java:1169)
	at java.base/jdk.internal.reflect.DirectMethodHandleAccessor.invoke(DirectMethodHandleAccessor.java:104)
	at java.base/java.lang.reflect.Method.invoke(Method.java:577)
	at org.testng.internal.MethodInvocationHelper.invokeMethod(MethodInvocationHelper.java:134)
	at org.testng.internal.TestInvoker.invokeMethod(TestInvoker.java:597)
	at org.testng.internal.TestInvoker.invokeTestMethod(TestInvoker.java:173)
	at org.testng.internal.MethodRunner.runInSequence(MethodRunner.java:46)
	at org.testng.internal.TestInvoker$MethodInvocationAgent.invoke(TestInvoker.java:816)
	at org.testng.internal.TestInvoker.invokeTestMethods(TestInvoker.java:146)
	at org.testng.internal.TestMethodWorker.invokeTestMethods(TestMethodWorker.java:146)
	at org.testng.internal.TestMethodWorker.run(TestMethodWorker.java:128)
	at java.base/java.util.ArrayList.forEach(ArrayList.java:1511)
	at org.testng.TestRunner.privateRun(TestRunner.java:766)
	at org.testng.TestRunner.run(TestRunner.java:587)
	at org.testng.SuiteRunner.runTest(SuiteRunner.java:384)
	at org.testng.SuiteRunner.runSequentially(SuiteRunner.java:378)
	at org.testng.SuiteRunner.privateRun(SuiteRunner.java:337)
	at org.testng.SuiteRunner.run(SuiteRunner.java:286)
	at org.testng.SuiteRunnerWorker.runSuite(SuiteRunnerWorker.java:53)
	at org.testng.SuiteRunnerWorker.run(SuiteRunnerWorker.java:96)
	at org.testng.TestNG.runSuitesSequentially(TestNG.java:1187)
	at org.testng.TestNG.runSuitesLocally(TestNG.java:1109)
	at org.testng.TestNG.runSuites(TestNG.java:1039)
	at org.testng.TestNG.run(TestNG.java:1007)
	at org.testng.remote.AbstractRemoteTestNG.run(AbstractRemoteTestNG.java:115)
	at org.testng.remote.RemoteTestNG.initAndRun(RemoteTestNG.java:251)
	at org.testng.remote.RemoteTestNG.main(RemoteTestNG.java:77)
Caused by: java.net.URISyntaxException: Illegal character in path at index 48: https://suri.cjis.pr.gov/identity/criminal/check	
	at java.base/java.net.URI$Parser.fail(URI.java:2973)
	at java.base/java.net.URI$Parser.checkChars(URI.java:3144)
	at java.base/java.net.URI$Parser.parseHierarchical(URI.java:3226)
	at java.base/java.net.URI$Parser.parse(URI.java:3174)
	at java.base/java.net.URI.&lt;init&gt;(URI.java:623)
	at java.base/java.net.URI.create(URI.java:904)
	... 29 more
</pre></div></td>
<td>0</td>
<td>com.qa.tests.PostAPItest@5a63f509</td></tr>
</table><p>
<table width='100%' border='1' class='invocation-passed'>
<tr><td colspan='4' align='center'><b>PASSED TESTS</b></td></tr>
<tr><td><b>Test method</b></td>
<td width="30%"><b>Exception</b></td>
<td width="10%"><b>Time (seconds)</b></td>
<td><b>Instance</b></td>
</tr>
<tr>
<td title='com.qa.tests.PostAPItest.DTOP_tocken()'><b>DTOP_tocken</b><br>Test class: com.qa.tests.PostAPItest</td>
<td></td>
<td>1</td>
<td>com.qa.tests.PostAPItest@5a63f509</td></tr>
<tr>
<td title='com.qa.tests.PostAPItest.GetAPITest_corporate_ping()'><b>GetAPITest_corporate_ping</b><br>Test class: com.qa.tests.PostAPItest</td>
<td></td>
<td>2</td>
<td>com.qa.tests.PostAPItest@5a63f509</td></tr>
<tr>
<td title='com.qa.tests.PostAPItest.GetAPITest_hacienda_individual_ping()'><b>GetAPITest_hacienda_individual_ping</b><br>Test class: com.qa.tests.PostAPItest</td>
<td></td>
<td>1</td>
<td>com.qa.tests.PostAPItest@5a63f509</td></tr>
<tr>
<td title='com.qa.tests.PostAPItest.PostAPITest_Certification()'><b>PostAPITest_Certification</b><br>Test class: com.qa.tests.PostAPItest</td>
<td></td>
<td>2</td>
<td>com.qa.tests.PostAPItest@5a63f509</td></tr>
<tr>
<td title='com.qa.tests.PostAPItest.PostAPITest_CrimAuthenticate()'><b>PostAPITest_CrimAuthenticate</b><br>Test class: com.qa.tests.PostAPItest</td>
<td></td>
<td>1</td>
<td>com.qa.tests.PostAPItest@5a63f509</td></tr>
<tr>
<td title='com.qa.tests.PostAPItest.PostAPITest_Crimcompliance()'><b>PostAPITest_Crimcompliance</b><br>Test class: com.qa.tests.PostAPItest</td>
<td></td>
<td>1</td>
<td>com.qa.tests.PostAPItest@5a63f509</td></tr>
<tr>
<td title='com.qa.tests.PostAPItest.PostAPITest_Estado_Certificado()'><b>PostAPITest_Estado_Certificado</b><br>Test class: com.qa.tests.PostAPItest</td>
<td></td>
<td>9</td>
<td>com.qa.tests.PostAPItest@5a63f509</td></tr>
<tr>
<td title='com.qa.tests.PostAPItest.PostAPITest_Estado_Compliance()'><b>PostAPITest_Estado_Compliance</b><br>Test class: com.qa.tests.PostAPItest</td>
<td></td>
<td>1</td>
<td>com.qa.tests.PostAPItest@5a63f509</td></tr>
<tr>
<td title='com.qa.tests.PostAPItest.PostAPITest_Estado_Ping()'><b>PostAPITest_Estado_Ping</b><br>Test class: com.qa.tests.PostAPItest</td>
<td></td>
<td>1</td>
<td>com.qa.tests.PostAPItest@5a63f509</td></tr>
<tr>
<td title='com.qa.tests.PostAPItest.PostAPITest_FileContent()'><b>PostAPITest_FileContent</b><br>Test class: com.qa.tests.PostAPItest</td>
<td></td>
<td>4</td>
<td>com.qa.tests.PostAPItest@5a63f509</td></tr>
<tr>
<td title='com.qa.tests.PostAPItest.PostAPITest_Individuo_Certificate()'><b>PostAPITest_Individuo_Certificate</b><br>Test class: com.qa.tests.PostAPItest</td>
<td></td>
<td>8</td>
<td>com.qa.tests.PostAPItest@5a63f509</td></tr>
<tr>
<td title='com.qa.tests.PostAPItest.PostAPITest_Justicia_Validate()'><b>PostAPITest_Justicia_Validate</b><br>Test class: com.qa.tests.PostAPItest</td>
<td></td>
<td>3</td>
<td>com.qa.tests.PostAPItest@5a63f509</td></tr>
<tr>
<td title='com.qa.tests.PostAPItest.PostAPITest_Patrono_Certificate()'><b>PostAPITest_Patrono_Certificate</b><br>Test class: com.qa.tests.PostAPItest</td>
<td></td>
<td>5</td>
<td>com.qa.tests.PostAPItest@5a63f509</td></tr>
<tr>
<td title='com.qa.tests.PostAPItest.PostAPITest_Retrieve()'><b>PostAPITest_Retrieve</b><br>Test class: com.qa.tests.PostAPItest</td>
<td></td>
<td>3</td>
<td>com.qa.tests.PostAPItest@5a63f509</td></tr>
<tr>
<td title='com.qa.tests.PostAPItest.PostAPITest_authorize_individual()'><b>PostAPITest_authorize_individual</b><br>Test class: com.qa.tests.PostAPItest</td>
<td></td>
<td>2</td>
<td>com.qa.tests.PostAPItest@5a63f509</td></tr>
<tr>
<td title='com.qa.tests.PostAPItest.PostAPITest_cap_request()'><b>PostAPITest_cap_request</b><br>Test class: com.qa.tests.PostAPItest</td>
<td></td>
<td>2</td>
<td>com.qa.tests.PostAPItest@5a63f509</td></tr>
<tr>
<td title='com.qa.tests.PostAPItest.PostAPITest_complianceDocuments()'><b>PostAPITest_complianceDocuments</b><br>Test class: com.qa.tests.PostAPItest</td>
<td></td>
<td>1</td>
<td>com.qa.tests.PostAPItest@5a63f509</td></tr>
<tr>
<td title='com.qa.tests.PostAPItest.PostAPITest_complianceDocuments_ind()'><b>PostAPITest_complianceDocuments_ind</b><br>Test class: com.qa.tests.PostAPItest</td>
<td></td>
<td>8</td>
<td>com.qa.tests.PostAPItest@5a63f509</td></tr>
<tr>
<td title='com.qa.tests.PostAPItest.PostAPITest_corporate_authorize()'><b>PostAPITest_corporate_authorize</b><br>Test class: com.qa.tests.PostAPItest</td>
<td></td>
<td>2</td>
<td>com.qa.tests.PostAPItest@5a63f509</td></tr>
<tr>
<td title='com.qa.tests.PostAPItest.PostAPITest_corporate_compliance()'><b>PostAPITest_corporate_compliance</b><br>Test class: com.qa.tests.PostAPItest</td>
<td></td>
<td>1</td>
<td>com.qa.tests.PostAPItest@5a63f509</td></tr>
<tr>
<td title='com.qa.tests.PostAPItest.PostAPITest_get_access_token()'><b>PostAPITest_get_access_token</b><br>Test class: com.qa.tests.PostAPItest</td>
<td></td>
<td>3</td>
<td>com.qa.tests.PostAPItest@5a63f509</td></tr>
<tr>
<td title='com.qa.tests.PostAPItest.PostAPI_CFSE_Test_get_access_token()'><b>PostAPI_CFSE_Test_get_access_token</b><br>Test class: com.qa.tests.PostAPItest</td>
<td></td>
<td>1</td>
<td>com.qa.tests.PostAPItest@5a63f509</td></tr>
<tr>
<td title='com.qa.tests.PostAPItest.get_DTOPGetPhoto()'><b>get_DTOPGetPhoto</b><br>Test class: com.qa.tests.PostAPItest</td>
<td></td>
<td>1</td>
<td>com.qa.tests.PostAPItest@5a63f509</td></tr>
<tr>
<td title='com.qa.tests.PostAPItest.get_certificacionDeDeauda()'><b>get_certificacionDeDeauda</b><br>Test class: com.qa.tests.PostAPItest</td>
<td></td>
<td>1</td>
<td>com.qa.tests.PostAPItest@5a63f509</td></tr>
<tr>
<td title='com.qa.tests.PostAPItest.get_certificacionDeVegencia()'><b>get_certificacionDeVegencia</b><br>Test class: com.qa.tests.PostAPItest</td>
<td></td>
<td>1</td>
<td>com.qa.tests.PostAPItest@5a63f509</td></tr>
<tr>
<td title='com.qa.tests.PostAPItest.get_fondoPing()'><b>get_fondoPing</b><br>Test class: com.qa.tests.PostAPItest</td>
<td></td>
<td>1</td>
<td>com.qa.tests.PostAPItest@5a63f509</td></tr>
<tr>
<td title='com.qa.tests.PostAPItest.get_informacionDeDeauda()'><b>get_informacionDeDeauda</b><br>Test class: com.qa.tests.PostAPItest</td>
<td></td>
<td>17</td>
<td>com.qa.tests.PostAPItest@5a63f509</td></tr>
</table><p>
</body>
</html>